2025-09-19 05:17:55,615 - root - INFO - ============================================================
2025-09-19 05:17:55,615 - root - INFO - ЗАПУСК СИНХРОНИЗАЦИИ ZABBIX → NETBOX
2025-09-19 05:17:55,615 - root - INFO - Лог файл: logs/sync_20250919_051755.log
2025-09-19 05:17:55,615 - root - INFO - 🔸 LIMIT: 5 хостов
2025-09-19 05:17:55,615 - root - INFO - ============================================================
2025-09-19 05:17:55,811 - sync - INFO - ✓ Zabbix API подключен (v7.4.0)
2025-09-19 05:17:55,811 - sync - INFO - ✓ NetBox API подключен
2025-09-19 05:17:55,812 - sync - INFO - ✓ Redis подключен
2025-09-19 05:17:56,101 - sync - INFO - ✓ Telegram Bot подключен
2025-09-19 05:17:56,101 - sync - INFO - ============================================================
2025-09-19 05:17:56,101 - sync - INFO - Запуск синхронизации Zabbix → NetBox
2025-09-19 05:17:56,101 - sync - INFO - ============================================================
2025-09-19 05:17:56,201 - sync - INFO - Применен лимит: 5 хостов
2025-09-19 05:17:56,201 - sync - INFO - Найдено 5 хостов для синхронизации
2025-09-19 05:17:56,204 - sync - INFO - 
📊 Статистика изменений:
2025-09-19 05:17:56,206 - sync - INFO -   • Новых: 0
2025-09-19 05:17:56,206 - sync - INFO -   • Измененных: 0
2025-09-19 05:17:56,206 - sync - INFO -   • Всего: 0
2025-09-19 05:17:56,206 - sync - INFO - 
============================================================
2025-09-19 05:17:56,207 - sync - INFO - 📈 Результаты синхронизации:
2025-09-19 05:17:56,207 - sync - INFO -   ✓ Успешно: 0
2025-09-19 05:17:56,207 - sync - INFO -   ✗ Ошибок: 0
2025-09-19 05:17:56,207 - sync - INFO -   ⏭ Пропущено: 0
2025-09-19 05:17:56,207 - sync - INFO - ============================================================
2025-09-19 05:17:56,603 - root - INFO - Завершение работы
