2025-09-19 05:18:54,250 - root - INFO - ============================================================
2025-09-19 05:18:54,250 - root - INFO - ЗАПУСК СИНХРОНИЗАЦИИ ZABBIX → NETBOX
2025-09-19 05:18:54,250 - root - INFO - Лог файл: logs/sync_20250919_051854.log
2025-09-19 05:18:54,250 - root - INFO - 🔸 LIMIT: 10 хостов
2025-09-19 05:18:54,250 - root - INFO - ============================================================
2025-09-19 05:18:54,456 - sync - INFO - ✓ Zabbix API подключен (v7.4.0)
2025-09-19 05:18:54,456 - sync - INFO - ✓ NetBox API подключен
2025-09-19 05:18:54,458 - sync - INFO - ✓ Redis подключен
2025-09-19 05:18:54,723 - sync - INFO - ✓ Telegram Bot подключен
2025-09-19 05:18:54,723 - sync - INFO - ============================================================
2025-09-19 05:18:54,723 - sync - INFO - Запуск синхронизации Zabbix → NetBox
2025-09-19 05:18:54,723 - sync - INFO - ============================================================
2025-09-19 05:18:54,825 - sync - INFO - Применен лимит: 10 хостов
2025-09-19 05:18:54,825 - sync - INFO - Найдено 10 хостов для синхронизации
2025-09-19 05:18:54,828 - sync - INFO - 
📊 Статистика изменений:
2025-09-19 05:18:54,830 - sync - INFO -   • Новых: 5
2025-09-19 05:18:54,830 - sync - INFO -   • Измененных: 0
2025-09-19 05:18:54,830 - sync - INFO -   • Всего: 5
2025-09-19 05:18:54,830 - sync - INFO - 
Обработка пакета 1 (5 хостов)
2025-09-19 05:18:54,830 - sync - INFO - 
Обработка: dc01-krg-comp-gen-srv21.t-cloud.kz (ID: 19876)
2025-09-19 05:18:55,118 - sync - INFO -   Создан производитель: Dell
2025-09-19 05:18:55,230 - sync - INFO -   Создан тип устройства: PowerEdge R640 (1U)
2025-09-19 05:18:55,493 - sync - ERROR -   ✗ Ошибка синхронизации dc01-krg-comp-gen-srv21.t-cloud.kz: The request failed with code 400 Bad Request: {'__all__': ["Unknown field name 'zabbix_hostid' in custom field data."]}
2025-09-19 05:18:55,493 - sync - INFO - 
Обработка: dc01-krg-edge-gen-srv04.t-cloud.kz (ID: 19877)
2025-09-19 05:18:56,052 - sync - ERROR -   ✗ Ошибка синхронизации dc01-krg-edge-gen-srv04.t-cloud.kz: The request failed with code 400 Bad Request: {'__all__': ["Unknown field name 'zabbix_hostid' in custom field data."]}
2025-09-19 05:18:56,053 - sync - INFO - 
Обработка: dc01-krg-comp-amd-srv01.t-cloud.kz (ID: 19878)
2025-09-19 05:18:56,605 - sync - ERROR -   ✗ Ошибка синхронизации dc01-krg-comp-amd-srv01.t-cloud.kz: The request failed with code 400 Bad Request: {'__all__': ["Unknown field name 'zabbix_hostid' in custom field data."]}
2025-09-19 05:18:56,606 - sync - INFO - 
Обработка: dc01-krg-comp-gen-srv03.t-cloud.kz (ID: 19879)
2025-09-19 05:18:57,159 - sync - ERROR -   ✗ Ошибка синхронизации dc01-krg-comp-gen-srv03.t-cloud.kz: The request failed with code 400 Bad Request: {'__all__': ["Unknown field name 'zabbix_hostid' in custom field data."]}
2025-09-19 05:18:57,159 - sync - INFO - 
Обработка: dc01-krg-comp-amd-srv20.t-cloud.kz (ID: 19880)
2025-09-19 05:18:57,714 - sync - ERROR -   ✗ Ошибка синхронизации dc01-krg-comp-amd-srv20.t-cloud.kz: The request failed with code 400 Bad Request: {'__all__': ["Unknown field name 'zabbix_hostid' in custom field data."]}
2025-09-19 05:18:57,714 - sync - INFO - 
============================================================
2025-09-19 05:18:57,714 - sync - INFO - 📈 Результаты синхронизации:
2025-09-19 05:18:57,714 - sync - INFO -   ✓ Успешно: 0
2025-09-19 05:18:57,714 - sync - INFO -   ✗ Ошибок: 5
2025-09-19 05:18:57,714 - sync - INFO -   ⏭ Пропущено: 0
2025-09-19 05:18:57,714 - sync - INFO - ============================================================
2025-09-19 05:18:58,132 - root - INFO - Завершение работы
