2025-09-19 05:29:40,108 - root - INFO - ============================================================
2025-09-19 05:29:40,109 - root - INFO - ЗАПУСК СИНХРОНИЗАЦИИ ZABBIX → NETBOX
2025-09-19 05:29:40,109 - root - INFO - Лог файл: logs/sync_20250919_052940.log
2025-09-19 05:29:40,109 - root - INFO - 🔸 LIMIT: 10 хостов
2025-09-19 05:29:40,109 - root - INFO - ============================================================
2025-09-19 05:29:40,316 - sync - INFO - ✓ Zabbix API подключен (v7.4.0)
2025-09-19 05:29:40,316 - sync - INFO - ✓ NetBox API подключен
2025-09-19 05:29:40,317 - sync - INFO - ✓ Redis подключен
2025-09-19 05:29:40,722 - sync - INFO - ✓ Telegram Bot подключен
2025-09-19 05:29:40,723 - sync - INFO - ============================================================
2025-09-19 05:29:40,723 - sync - INFO - Запуск синхронизации Zabbix → NetBox
2025-09-19 05:29:40,723 - sync - INFO - ============================================================
2025-09-19 05:29:40,821 - sync - INFO - Применен лимит: 10 хостов
2025-09-19 05:29:40,821 - sync - INFO - Найдено 10 хостов для синхронизации
2025-09-19 05:29:40,825 - sync - INFO - 
📊 Статистика изменений:
2025-09-19 05:29:40,826 - sync - INFO -   • Новых: 0
2025-09-19 05:29:40,826 - sync - INFO -   • Измененных: 0
2025-09-19 05:29:40,826 - sync - INFO -   • Всего: 0
2025-09-19 05:29:40,826 - sync - INFO - 
============================================================
2025-09-19 05:29:40,826 - sync - INFO - 📈 Результаты синхронизации:
2025-09-19 05:29:40,826 - sync - INFO -   ✓ Успешно: 0
2025-09-19 05:29:40,826 - sync - INFO -   ✗ Ошибок: 0
2025-09-19 05:29:40,826 - sync - INFO -   ⏭ Пропущено: 0
2025-09-19 05:29:40,826 - sync - INFO - ============================================================
2025-09-19 05:29:41,177 - root - INFO - Завершение работы
