2025-09-19 05:42:31,308 - root - INFO - ============================================================
2025-09-19 05:42:31,308 - root - INFO - ЗАПУСК СИНХРОНИЗАЦИИ ZABBIX → NETBOX
2025-09-19 05:42:31,308 - root - INFO - Лог файл: logs/sync_20250919_054231.log
2025-09-19 05:42:31,308 - root - INFO - 🔸 LIMIT: 10 хостов
2025-09-19 05:42:31,308 - root - INFO - ============================================================
2025-09-19 05:42:31,515 - sync - INFO - ✓ Zabbix API подключен (v7.4.0)
2025-09-19 05:42:31,515 - sync - INFO - ✓ NetBox API подключен
2025-09-19 05:42:31,516 - sync - INFO - ✓ Redis подключен
2025-09-19 05:42:31,839 - sync - INFO - ✓ Telegram Bot подключен
2025-09-19 05:42:31,840 - sync - INFO - ============================================================
2025-09-19 05:42:31,840 - sync - INFO - Запуск синхронизации Zabbix → NetBox
2025-09-19 05:42:31,840 - sync - INFO - ============================================================
2025-09-19 05:42:31,939 - sync - INFO - Применен лимит: 10 хостов
2025-09-19 05:42:31,939 - sync - INFO - Найдено 10 хостов для синхронизации
2025-09-19 05:42:31,942 - sync - INFO - 
📊 Статистика изменений:
2025-09-19 05:42:31,943 - sync - INFO -   • Новых: 0
2025-09-19 05:42:31,943 - sync - INFO -   • Измененных: 0
2025-09-19 05:42:31,943 - sync - INFO -   • Всего: 0
2025-09-19 05:42:31,943 - sync - INFO - 
============================================================
2025-09-19 05:42:31,943 - sync - INFO - 📈 Результаты синхронизации:
2025-09-19 05:42:31,943 - sync - INFO -   ✓ Успешно: 0
2025-09-19 05:42:31,943 - sync - INFO -   ✗ Ошибок: 0
2025-09-19 05:42:31,943 - sync - INFO -   ⏭ Пропущено: 0
2025-09-19 05:42:31,943 - sync - INFO - ============================================================
2025-09-19 05:42:32,295 - root - INFO - Завершение работы
