2025-09-19 05:12:59,819 - root - INFO - ============================================================
2025-09-19 05:12:59,819 - root - INFO - ЗАПУСК СИНХРОНИЗАЦИИ ZABBIX → NETBOX
2025-09-19 05:12:59,819 - root - INFO - Лог файл: logs/sync_20250919_051259.log
2025-09-19 05:12:59,819 - root - INFO - 🔸 MODE: DRY RUN (тестовый режим)
2025-09-19 05:12:59,819 - root - INFO - 🔸 LIMIT: 1 хостов
2025-09-19 05:12:59,819 - root - INFO - ============================================================
2025-09-19 05:13:00,079 - sync - INFO - ✓ Zabbix API подключен (v7.4.0)
2025-09-19 05:13:00,080 - sync - INFO - ✓ NetBox API подключен
2025-09-19 05:13:00,081 - sync - INFO - ✓ Redis подключен
2025-09-19 05:13:03,765 - sync - INFO - ✓ Telegram Bot подключен
2025-09-19 05:13:03,765 - sync - INFO - ============================================================
2025-09-19 05:13:03,765 - sync - INFO - Запуск синхронизации Zabbix → NetBox
2025-09-19 05:13:03,765 - sync - INFO - MODE: DRY RUN (изменения не будут сохранены)
2025-09-19 05:13:03,765 - sync - INFO - ============================================================
2025-09-19 05:13:03,868 - sync - INFO - Применен лимит: 1 хостов
2025-09-19 05:13:03,869 - sync - INFO - Найдено 1 хостов для синхронизации
2025-09-19 05:13:03,870 - sync - INFO - 
📊 Статистика изменений:
2025-09-19 05:13:03,870 - sync - INFO -   • Новых: 1
2025-09-19 05:13:03,870 - sync - INFO -   • Измененных: 0
2025-09-19 05:13:03,870 - sync - INFO -   • Всего: 1
2025-09-19 05:13:03,870 - sync - INFO - 
Обработка пакета 1 (1 хостов)
2025-09-19 05:13:03,870 - sync - INFO - 
Обработка: dc01-krg-comp-amd-srv09.t-cloud.kz (ID: 19871)
2025-09-19 05:13:04,437 - sync - INFO -   [DRY RUN] Устройство будет обновлено
2025-09-19 05:13:04,642 - sync - INFO - 
============================================================
2025-09-19 05:13:04,643 - sync - INFO - 📈 Результаты синхронизации:
2025-09-19 05:13:04,643 - sync - INFO -   ✓ Успешно: 0
2025-09-19 05:13:04,643 - sync - INFO -   ✗ Ошибок: 0
2025-09-19 05:13:04,643 - sync - INFO -   ⏭ Пропущено: 0
2025-09-19 05:13:04,643 - sync - INFO - ============================================================
2025-09-19 05:13:08,969 - root - INFO - Завершение работы
