2025-09-19 05:27:50,169 - root - INFO - ============================================================
2025-09-19 05:27:50,169 - root - INFO - ЗАПУСК СИНХРОНИЗАЦИИ ZABBIX → NETBOX
2025-09-19 05:27:50,169 - root - INFO - Лог файл: logs/sync_20250919_052750.log
2025-09-19 05:27:50,169 - root - INFO - 🔸 LIMIT: 10 хостов
2025-09-19 05:27:50,169 - root - INFO - ============================================================
2025-09-19 05:27:50,365 - sync - INFO - ✓ Zabbix API подключен (v7.4.0)
2025-09-19 05:27:50,365 - sync - INFO - ✓ NetBox API подключен
2025-09-19 05:27:50,366 - sync - INFO - ✓ Redis подключен
2025-09-19 05:27:50,683 - sync - INFO - ✓ Telegram Bot подключен
2025-09-19 05:27:50,684 - sync - INFO - ============================================================
2025-09-19 05:27:50,684 - sync - INFO - Запуск синхронизации Zabbix → NetBox
2025-09-19 05:27:50,684 - sync - INFO - ============================================================
2025-09-19 05:27:50,781 - sync - INFO - Применен лимит: 10 хостов
2025-09-19 05:27:50,781 - sync - INFO - Найдено 10 хостов для синхронизации
2025-09-19 05:27:50,784 - sync - INFO - 
📊 Статистика изменений:
2025-09-19 05:27:50,785 - sync - INFO -   • Новых: 0
2025-09-19 05:27:50,785 - sync - INFO -   • Измененных: 0
2025-09-19 05:27:50,785 - sync - INFO -   • Всего: 0
2025-09-19 05:27:50,785 - sync - INFO - 
============================================================
2025-09-19 05:27:50,785 - sync - INFO - 📈 Результаты синхронизации:
2025-09-19 05:27:50,785 - sync - INFO -   ✓ Успешно: 0
2025-09-19 05:27:50,785 - sync - INFO -   ✗ Ошибок: 0
2025-09-19 05:27:50,785 - sync - INFO -   ⏭ Пропущено: 0
2025-09-19 05:27:50,785 - sync - INFO - ============================================================
2025-09-19 05:27:51,146 - root - INFO - Завершение работы
