2025-09-19 05:15:19,160 - root - INFO - ============================================================
2025-09-19 05:15:19,161 - root - INFO - ЗАПУСК СИНХРОНИЗАЦИИ ZABBIX → NETBOX
2025-09-19 05:15:19,161 - root - INFO - Лог файл: logs/sync_20250919_051519.log
2025-09-19 05:15:19,161 - root - INFO - 🔸 MODE: DRY RUN (тестовый режим)
2025-09-19 05:15:19,161 - root - INFO - 🔸 LIMIT: 5 хостов
2025-09-19 05:15:19,161 - root - INFO - ============================================================
2025-09-19 05:15:19,358 - sync - INFO - ✓ Zabbix API подключен (v7.4.0)
2025-09-19 05:15:19,359 - sync - INFO - ✓ NetBox API подключен
2025-09-19 05:15:19,360 - sync - INFO - ✓ Redis подключен
2025-09-19 05:15:19,616 - sync - INFO - ✓ Telegram Bot подключен
2025-09-19 05:15:19,616 - sync - INFO - ============================================================
2025-09-19 05:15:19,616 - sync - INFO - Запуск синхронизации Zabbix → NetBox
2025-09-19 05:15:19,616 - sync - INFO - MODE: DRY RUN (изменения не будут сохранены)
2025-09-19 05:15:19,616 - sync - INFO - ============================================================
2025-09-19 05:15:19,711 - sync - INFO - Применен лимит: 5 хостов
2025-09-19 05:15:19,711 - sync - INFO - Найдено 5 хостов для синхронизации
2025-09-19 05:15:19,724 - sync - INFO - 
📊 Статистика изменений:
2025-09-19 05:15:19,724 - sync - INFO -   • Новых: 4
2025-09-19 05:15:19,724 - sync - INFO -   • Измененных: 0
2025-09-19 05:15:19,724 - sync - INFO -   • Всего: 4
2025-09-19 05:15:19,724 - sync - INFO - 
Обработка пакета 1 (4 хостов)
2025-09-19 05:15:19,724 - sync - INFO - 
Обработка: dc01-krg-comp-gen-srv11.t-cloud.kz (ID: 19872)
2025-09-19 05:15:19,949 - sync - INFO -   [DRY RUN] Будет создан производитель: Dell
2025-09-19 05:15:19,949 - sync - ERROR -   Не удалось определить тип устройства
2025-09-19 05:15:19,949 - sync - INFO - 
Обработка: dc01-krg-comp-amd-srv16.t-cloud.kz (ID: 19873)
2025-09-19 05:15:20,464 - sync - INFO -   [DRY RUN] Устройство будет обновлено
2025-09-19 05:15:20,666 - sync - INFO - 
Обработка: dc01-krg-comp-gen-srv27.t-cloud.kz (ID: 19874)
2025-09-19 05:15:20,874 - sync - INFO -   [DRY RUN] Будет создан производитель: Dell
2025-09-19 05:15:20,874 - sync - ERROR -   Не удалось определить тип устройства
2025-09-19 05:15:20,874 - sync - INFO - 
Обработка: dc01-krg-comp-gen-srv06.t-cloud.kz (ID: 19875)
2025-09-19 05:15:21,076 - sync - INFO -   [DRY RUN] Будет создан производитель: Dell
2025-09-19 05:15:21,077 - sync - ERROR -   Не удалось определить тип устройства
2025-09-19 05:15:21,077 - sync - INFO - 
============================================================
2025-09-19 05:15:21,077 - sync - INFO - 📈 Результаты синхронизации:
2025-09-19 05:15:21,077 - sync - INFO -   ✓ Успешно: 0
2025-09-19 05:15:21,077 - sync - INFO -   ✗ Ошибок: 3
2025-09-19 05:15:21,077 - sync - INFO -   ⏭ Пропущено: 0
2025-09-19 05:15:21,077 - sync - INFO - ============================================================
2025-09-19 05:15:21,425 - root - INFO - Завершение работы
